<?xml version="1.0" encoding="UTF-8"?>
<robot generator="Robot 7.1.1 (Python 3.13.1 on win32)" generated="2025-04-23T22:58:52.312683" rpa="false" schemaversion="5">
<suite id="s1" name="Login User" source="C:\Users\Maiara\Desktop\automation-exercise\automation-exercise\tests\login_user.robot">
<kw name="Open the browser" owner="RegisterUserPage" type="SETUP">
<kw name="Open Browser" owner="SeleniumLibrary">
<msg time="2025-04-23T22:58:52.536173" level="INFO">Opening browser 'chrome' to base url 'https://automationexercise.com/'.</msg>
<arg>${URL}</arg>
<arg>${BROWSER}</arg>
<doc>Opens a new browser instance to the optional ``url``.</doc>
<status status="PASS" start="2025-04-23T22:58:52.535949" elapsed="4.091357"/>
</kw>
<kw name="Maximize Browser Window" owner="SeleniumLibrary">
<doc>Maximizes current browser window.</doc>
<status status="PASS" start="2025-04-23T22:58:56.627533" elapsed="0.024725"/>
</kw>
<status status="PASS" start="2025-04-23T22:58:52.535302" elapsed="4.117113"/>
</kw>
<test id="s1-t1" name="Login user with valid credentials" line="13">
<kw name="Given on the login page" owner="LoginUserPage">
<kw name="Open Browser" owner="SeleniumLibrary">
<msg time="2025-04-23T22:58:56.653991" level="INFO">Opening browser 'chrome' to base url 'https://automationexercise.com/'.</msg>
<arg>${URL}</arg>
<arg>${BROWSER}</arg>
<doc>Opens a new browser instance to the optional ``url``.</doc>
<status status="PASS" start="2025-04-23T22:58:56.653706" elapsed="3.749492"/>
</kw>
<kw name="Maximize Browser Window" owner="SeleniumLibrary">
<doc>Maximizes current browser window.</doc>
<status status="PASS" start="2025-04-23T22:59:00.403355" elapsed="0.031206"/>
</kw>
<kw name="Click Element" owner="SeleniumLibrary">
<msg time="2025-04-23T22:59:00.435266" level="INFO">Clicking element 'xpath=//*[@id="header"]/div/div/div/div[2]/div/ul/li[4]/a'.</msg>
<arg>xpath=//*[@id="header"]/div/div/div/div[2]/div/ul/li[4]/a</arg>
<doc>Click the element identified by ``locator``.</doc>
<status status="PASS" start="2025-04-23T22:59:00.434853" elapsed="1.323792"/>
</kw>
<kw name="Element Should Be Visible" owner="SeleniumLibrary">
<msg time="2025-04-23T22:59:01.783502" level="INFO">Element 'xpath=//h2[contains(text(), 'Login to your account')]' is displayed.</msg>
<arg>xpath=//h2[contains(text(), 'Login to your account')]</arg>
<doc>Verifies that the element identified by ``locator`` is visible.</doc>
<status status="PASS" start="2025-04-23T22:59:01.758888" elapsed="0.024692"/>
</kw>
<status status="PASS" start="2025-04-23T22:58:56.653232" elapsed="5.130441"/>
</kw>
<kw name="When fill the form with valid data">
<msg time="2025-04-23T22:59:01.784012" level="FAIL">Multiple keywords with name 'fill the form with valid data' found. Give the full name of the keyword you want to use:
    LoginUserPage.Fill the form with valid data
    RegisterUserPage.Fill the form with valid data</msg>
<status status="FAIL" start="2025-04-23T22:59:01.783973" elapsed="0.000085">Multiple keywords with name 'fill the form with valid data' found. Give the full name of the keyword you want to use:
    LoginUserPage.Fill the form with valid data
    RegisterUserPage.Fill the form with valid data</status>
</kw>
<kw name="Then valid that the user was logged in" owner="LoginUserPage">
<status status="NOT RUN" start="2025-04-23T22:59:01.784279" elapsed="0.000031"/>
</kw>
<tag>login</tag>
<status status="FAIL" start="2025-04-23T22:58:56.652519" elapsed="5.131964">Multiple keywords with name 'fill the form with valid data' found. Give the full name of the keyword you want to use:
    LoginUserPage.Fill the form with valid data
    RegisterUserPage.Fill the form with valid data</status>
</test>
<doc>This is a test suite for logging in a user</doc>
<status status="FAIL" start="2025-04-23T22:58:52.313840" elapsed="9.471342"/>
</suite>
<statistics>
<total>
<stat pass="0" fail="1" skip="0">All Tests</stat>
</total>
<tag>
<stat pass="0" fail="1" skip="0">login</stat>
</tag>
<suite>
<stat pass="0" fail="1" skip="0" id="s1" name="Login User">Login User</stat>
</suite>
</statistics>
<errors>
</errors>
</robot>
