<?xml version="1.0" encoding="UTF-8"?>
<robot generator="Robot 7.1.1 (Python 3.13.1 on win32)" generated="2025-04-28T22:43:08.847582" rpa="false" schemaversion="5">
<suite id="s1" name="Register User" source="C:\Users\Maiara\Desktop\automation-exercise\automation-exercise\tests\register_user.robot">
<kw name="Open the browser" owner="RegisterUserPage" type="SETUP">
<kw name="Open Browser" owner="SeleniumLibrary">
<msg time="2025-04-28T22:43:09.349730" level="INFO">Opening browser 'chrome' to base url 'https://automationexercise.com/'.</msg>
<arg>${URL}</arg>
<arg>${BROWSER}</arg>
<doc>Opens a new browser instance to the optional ``url``.</doc>
<status status="PASS" start="2025-04-28T22:43:09.349470" elapsed="3.502382"/>
</kw>
<kw name="Maximize Browser Window" owner="SeleniumLibrary">
<doc>Maximizes current browser window.</doc>
<status status="PASS" start="2025-04-28T22:43:12.852068" elapsed="0.025648"/>
</kw>
<status status="PASS" start="2025-04-28T22:43:09.348624" elapsed="3.529205"/>
</kw>
<test id="s1-t1" name="Register a new user" line="12">
<kw name="Given on the registration page" owner="RegisterUserPage">
<kw name="Click Element" owner="SeleniumLibrary">
<msg time="2025-04-28T22:43:12.879110" level="INFO">Clicking element 'xpath=//*[@id="header"]/div/div/div/div[2]/div/ul/li[4]/a'.</msg>
<arg>xpath=//*[@id="header"]/div/div/div/div[2]/div/ul/li[4]/a</arg>
<doc>Click the element identified by ``locator``.</doc>
<status status="PASS" start="2025-04-28T22:43:12.878705" elapsed="1.238055"/>
</kw>
<kw name="Element Should Be Visible" owner="SeleniumLibrary">
<msg time="2025-04-28T22:43:14.136853" level="INFO">Element 'xpath=//h2[contains(text(), 'New User Signup!')]' is displayed.</msg>
<arg>xpath=//h2[contains(text(), 'New User Signup!')]</arg>
<doc>Verifies that the element identified by ``locator`` is visible.</doc>
<status status="PASS" start="2025-04-28T22:43:14.116925" elapsed="0.020030"/>
</kw>
<status status="PASS" start="2025-04-28T22:43:12.878442" elapsed="1.258620"/>
</kw>
<kw name="When fill the form with valid data" owner="RegisterUserPage">
<kw name="User Name" owner="FakerLibrary">
<msg time="2025-04-28T22:43:14.138230" level="INFO">${UserName} = xsanchez</msg>
<var>${UserName}</var>
<status status="PASS" start="2025-04-28T22:43:14.137853" elapsed="0.000411"/>
</kw>
<kw name="Input Text" owner="SeleniumLibrary">
<msg time="2025-04-28T22:43:14.138614" level="INFO">Typing text 'xsanchez' into text field 'xpath=//*[@data-qa="signup-name"]'.</msg>
<arg>xpath=//*[@data-qa="signup-name"]</arg>
<arg>${USERNAME}</arg>
<arg>${UserName}</arg>
<doc>Types the given ``text`` into the text field identified by ``locator``.</doc>
<status status="PASS" start="2025-04-28T22:43:14.138393" elapsed="0.065088"/>
</kw>
<kw name="Email" owner="FakerLibrary">
<msg time="2025-04-28T22:43:14.204637" level="INFO">${Email} = lindaboyd@example.net</msg>
<var>${Email}</var>
<status status="PASS" start="2025-04-28T22:43:14.203786" elapsed="0.000921"/>
</kw>
<kw name="Input Text" owner="SeleniumLibrary">
<msg time="2025-04-28T22:43:14.205153" level="INFO">Typing text 'lindaboyd@example.net' into text field 'xpath=//*[@data-qa="signup-email"]'.</msg>
<arg>xpath=//*[@data-qa="signup-email"]</arg>
<arg>${EMAIL}</arg>
<arg>${Email}</arg>
<doc>Types the given ``text`` into the text field identified by ``locator``.</doc>
<status status="PASS" start="2025-04-28T22:43:14.204878" elapsed="0.126550"/>
</kw>
<kw name="Click Button" owner="SeleniumLibrary">
<msg time="2025-04-28T22:43:14.331771" level="INFO">Clicking button 'xpath=//*[@data-qa="signup-button"]'.</msg>
<arg>xpath=//*[@data-qa="signup-button"]</arg>
<doc>Clicks the button identified by ``locator``.</doc>
<status status="PASS" start="2025-04-28T22:43:14.331598" elapsed="0.052773"/>
</kw>
<kw name="Element Should Be Visible" owner="SeleniumLibrary">
<msg time="2025-04-28T22:43:15.137712" level="INFO">Element 'xpath=//*[contains(text(),'Enter Account Information')]' is displayed.</msg>
<arg>xpath=//*[contains(text(),'Enter Account Information')]</arg>
<doc>Verifies that the element identified by ``locator`` is visible.</doc>
<status status="PASS" start="2025-04-28T22:43:14.384528" elapsed="0.753287"/>
</kw>
<kw name="Click Element" owner="SeleniumLibrary">
<msg time="2025-04-28T22:43:15.138157" level="INFO">Clicking element 'xpath=//*[@id="id_gender2"]'.</msg>
<arg>xpath=//*[@id="id_gender2"]</arg>
<doc>Click the element identified by ``locator``.</doc>
<status status="PASS" start="2025-04-28T22:43:15.137974" elapsed="0.039166"/>
</kw>
<kw name="Password" owner="FakerLibrary">
<msg time="2025-04-28T22:43:15.177484" level="INFO">${Password} = &amp;eFHXc(p1@</msg>
<var>${Password}</var>
<doc>Generate a random password of the specified ``length``.</doc>
<status status="PASS" start="2025-04-28T22:43:15.177294" elapsed="0.000216"/>
</kw>
<kw name="Input Password" owner="SeleniumLibrary">
<msg time="2025-04-28T22:43:15.177791" level="INFO">Typing password into text field 'xpath=//*[@data-qa="password"]'.</msg>
<msg time="2025-04-28T22:43:15.227711" level="INFO">Temporally setting log level to: NONE</msg>
<arg>xpath=//*[@data-qa="password"]</arg>
<arg>${PASSWORD}</arg>
<arg>${Password}</arg>
<doc>Types the given password into the text field identified by ``locator``.</doc>
<status status="PASS" start="2025-04-28T22:43:15.177611" elapsed="0.079897"/>
</kw>
<kw name="Click Element" owner="SeleniumLibrary">
<msg time="2025-04-28T22:43:15.257995" level="INFO">Clicking element 'xpath=//*[@id="days"]'.</msg>
<arg>xpath=//*[@id="days"]</arg>
<doc>Click the element identified by ``locator``.</doc>
<status status="PASS" start="2025-04-28T22:43:15.257749" elapsed="0.113738"/>
</kw>
<kw name="Select From List By Value" owner="SeleniumLibrary">
<msg time="2025-04-28T22:43:15.371829" level="INFO">Selecting options from selection list 'xpath=//*[@id="days"]' by value 12.</msg>
<arg>xpath=//*[@id="days"]</arg>
<arg>12</arg>
<doc>Selects options from selection list ``locator`` by ``values``.</doc>
<status status="PASS" start="2025-04-28T22:43:15.371646" elapsed="0.061937"/>
</kw>
<kw name="Date Of Birth" owner="FakerLibrary">
<msg time="2025-04-28T22:43:15.433992" level="INFO">${DateOf_Birth} = 1929-01-26</msg>
<var>${DateOf_Birth}</var>
<doc>Generate a random date of birth represented as a Date object,
constrained by optional miminimum_age and maximum_age
parameters.</doc>
<status status="PASS" start="2025-04-28T22:43:15.433751" elapsed="0.000268"/>
</kw>
<kw name="Click Element" owner="SeleniumLibrary">
<msg time="2025-04-28T22:43:15.434295" level="INFO">Clicking element 'xpath=//*[@id="months"]'.</msg>
<arg>xpath=//*[@id="months"]</arg>
<doc>Click the element identified by ``locator``.</doc>
<status status="PASS" start="2025-04-28T22:43:15.434139" elapsed="0.103137"/>
</kw>
<kw name="Select From List By Value" owner="SeleniumLibrary">
<msg time="2025-04-28T22:43:15.537859" level="INFO">Selecting options from selection list 'xpath=//*[@id="months"]' by value 7.</msg>
<arg>xpath=//*[@id="months"]</arg>
<arg>7</arg>
<doc>Selects options from selection list ``locator`` by ``values``.</doc>
<status status="PASS" start="2025-04-28T22:43:15.537541" elapsed="0.088230"/>
</kw>
<kw name="Click Element" owner="SeleniumLibrary">
<msg time="2025-04-28T22:43:15.626285" level="INFO">Clicking element 'xpath=//*[@id="years"]'.</msg>
<arg>xpath=//*[@id="years"]</arg>
<doc>Click the element identified by ``locator``.</doc>
<status status="PASS" start="2025-04-28T22:43:15.625976" elapsed="0.121743"/>
</kw>
<kw name="Select From List By Value" owner="SeleniumLibrary">
<msg time="2025-04-28T22:43:15.748022" level="INFO">Selecting options from selection list 'xpath=//*[@id="years"]' by value 1978.</msg>
<arg>xpath=//*[@id="years"]</arg>
<arg>1978</arg>
<doc>Selects options from selection list ``locator`` by ``values``.</doc>
<status status="PASS" start="2025-04-28T22:43:15.747870" elapsed="0.067448"/>
</kw>
<kw name="Input Text" owner="SeleniumLibrary">
<msg time="2025-04-28T22:43:15.815873" level="INFO">Typing text 'xsanchez' into text field 'xpath=//*[@data-qa="first_name"]'.</msg>
<arg>xpath=//*[@data-qa="first_name"]</arg>
<arg>${USERNAME}</arg>
<arg>${UserName}</arg>
<doc>Types the given ``text`` into the text field identified by ``locator``.</doc>
<status status="PASS" start="2025-04-28T22:43:15.815524" elapsed="0.129575"/>
</kw>
<kw name="Last Name" owner="FakerLibrary">
<msg time="2025-04-28T22:43:15.945642" level="INFO">${Last_Name} = Hudson</msg>
<var>${Last_Name}</var>
<status status="PASS" start="2025-04-28T22:43:15.945284" elapsed="0.000403"/>
</kw>
<kw name="Input Text" owner="SeleniumLibrary">
<msg time="2025-04-28T22:43:15.946115" level="INFO">Typing text 'Hudson' into text field 'xpath=//*[@data-qa="last_name"]'.</msg>
<arg>xpath=//*[@data-qa="last_name"]</arg>
<arg>${LAST_NAME}</arg>
<arg>${Last_Name}</arg>
<doc>Types the given ``text`` into the text field identified by ``locator``.</doc>
<status status="PASS" start="2025-04-28T22:43:15.945853" elapsed="0.051335"/>
</kw>
<kw name="Company" owner="FakerLibrary">
<msg time="2025-04-28T22:43:15.997765" level="INFO">${Company} = Cox, Williams and Knight</msg>
<var>${Company}</var>
<doc>:example: 'Acme Ltd'</doc>
<status status="PASS" start="2025-04-28T22:43:15.997342" elapsed="0.000451"/>
</kw>
<kw name="Input Text" owner="SeleniumLibrary">
<msg time="2025-04-28T22:43:15.998081" level="INFO">Typing text 'Cox, Williams and Knight' into text field 'xpath=//*[@data-qa="company"]'.</msg>
<arg>xpath=//*[@data-qa="company"]</arg>
<arg>${COMPANY}</arg>
<arg>${Company}</arg>
<doc>Types the given ``text`` into the text field identified by ``locator``.</doc>
<status status="PASS" start="2025-04-28T22:43:15.997896" elapsed="0.078392"/>
</kw>
<kw name="Address" owner="FakerLibrary">
<msg time="2025-04-28T22:43:16.077037" level="INFO">${Address} = 406 Julia Knoll
North Jamieport, MD 47975</msg>
<var>${Address}</var>
<doc>:example: '791 Crist Parks, Sashabury, IL 86039-9874'</doc>
<status status="PASS" start="2025-04-28T22:43:16.076446" elapsed="0.000656"/>
</kw>
<kw name="Input Text" owner="SeleniumLibrary">
<msg time="2025-04-28T22:43:16.078012" level="INFO">Typing text '406 Julia Knoll
North Jamieport, MD 47975' into text field 'xpath=//*[@id="address1"]'.</msg>
<arg>xpath=//*[@id="address1"]</arg>
<arg>${ADDRESS}</arg>
<arg>${Address}</arg>
<doc>Types the given ``text`` into the text field identified by ``locator``.</doc>
<status status="PASS" start="2025-04-28T22:43:16.077364" elapsed="0.124807"/>
</kw>
<kw name="Select From List By Value" owner="SeleniumLibrary">
<msg time="2025-04-28T22:43:16.202694" level="INFO">Selecting options from selection list 'xpath=//*[@id="country"]' by value United States.</msg>
<arg>xpath=//*[@id="country"]</arg>
<arg>United States</arg>
<doc>Selects options from selection list ``locator`` by ``values``.</doc>
<status status="PASS" start="2025-04-28T22:43:16.202413" elapsed="0.073208"/>
</kw>
<kw name="State" owner="FakerLibrary">
<msg time="2025-04-28T22:43:16.276274" level="INFO">${State} = Oregon</msg>
<var>${State}</var>
<status status="PASS" start="2025-04-28T22:43:16.275907" elapsed="0.000429"/>
</kw>
<kw name="Input Text" owner="SeleniumLibrary">
<msg time="2025-04-28T22:43:16.276949" level="INFO">Typing text 'Oregon' into text field 'xpath=//*[@id="state"]'.</msg>
<arg>xpath=//*[@id="state"]</arg>
<arg>${STATE}</arg>
<arg>${State}</arg>
<doc>Types the given ``text`` into the text field identified by ``locator``.</doc>
<status status="PASS" start="2025-04-28T22:43:16.276558" elapsed="0.077730"/>
</kw>
<kw name="City" owner="FakerLibrary">
<msg time="2025-04-28T22:43:16.355035" level="INFO">${City} = Amandahaven</msg>
<var>${City}</var>
<doc>:example: 'Sashabury'</doc>
<status status="PASS" start="2025-04-28T22:43:16.354568" elapsed="0.000522"/>
</kw>
<kw name="Input Text" owner="SeleniumLibrary">
<msg time="2025-04-28T22:43:16.355687" level="INFO">Typing text 'Amandahaven' into text field 'xpath=//*[@id="city"]'.</msg>
<arg>xpath=//*[@id="city"]</arg>
<arg>${CITY}</arg>
<arg>${City}</arg>
<doc>Types the given ``text`` into the text field identified by ``locator``.</doc>
<status status="PASS" start="2025-04-28T22:43:16.355274" elapsed="0.093422"/>
</kw>
<kw name="Zipcode" owner="FakerLibrary">
<msg time="2025-04-28T22:43:16.449211" level="INFO">${Zip_Code} = 85612</msg>
<var>${Zip_Code}</var>
<status status="PASS" start="2025-04-28T22:43:16.448897" elapsed="0.000366"/>
</kw>
<kw name="Input Text" owner="SeleniumLibrary">
<msg time="2025-04-28T22:43:16.449843" level="INFO">Typing text '85612' into text field 'xpath=//*[@id="zipcode"]'.</msg>
<arg>xpath=//*[@id="zipcode"]</arg>
<arg>${ZIP_CODE}</arg>
<arg>${Zip_Code}</arg>
<doc>Types the given ``text`` into the text field identified by ``locator``.</doc>
<status status="PASS" start="2025-04-28T22:43:16.449494" elapsed="0.053993"/>
</kw>
<kw name="Phone Number" owner="FakerLibrary">
<msg time="2025-04-28T22:43:16.504018" level="INFO">${PhoneNumber} = 371.621.6271</msg>
<var>${PhoneNumber}</var>
<status status="PASS" start="2025-04-28T22:43:16.503711" elapsed="0.000366"/>
</kw>
<kw name="Input Text" owner="SeleniumLibrary">
<msg time="2025-04-28T22:43:16.504677" level="INFO">Typing text 'PhoneNumber' into text field 'xpath=//*[@id="mobile_number"]'.</msg>
<arg>xpath=//*[@id="mobile_number"]</arg>
<arg>${MOBILE_NUMBER}</arg>
<arg>${PhoneNumber}</arg>
<doc>Types the given ``text`` into the text field identified by ``locator``.</doc>
<status status="PASS" start="2025-04-28T22:43:16.504284" elapsed="0.058712"/>
</kw>
<kw name="Click Element" owner="SeleniumLibrary">
<msg time="2025-04-28T22:43:16.563308" level="INFO">Clicking element 'xpath=//*[@data-qa="create-account"]'.</msg>
<arg>xpath=//*[@data-qa="create-account"]</arg>
<doc>Click the element identified by ``locator``.</doc>
<status status="PASS" start="2025-04-28T22:43:16.563157" elapsed="1.127286"/>
</kw>
<status status="PASS" start="2025-04-28T22:43:14.137582" elapsed="3.553077"/>
</kw>
<kw name="Then valid that the user was registered" owner="RegisterUserPage">
<kw name="Element Should Be Visible" owner="SeleniumLibrary">
<msg time="2025-04-28T22:43:17.714368" level="INFO">Element 'xpath=//*[contains(text(), 'Account Created!')]' is displayed.</msg>
<arg>xpath=//*[contains(text(), 'Account Created!')]</arg>
<doc>Verifies that the element identified by ``locator`` is visible.</doc>
<status status="PASS" start="2025-04-28T22:43:17.692391" elapsed="0.022056"/>
</kw>
<kw name="Click Element" owner="SeleniumLibrary">
<msg time="2025-04-28T22:43:17.714737" level="INFO">Clicking element 'xpath=//*[@data-qa="continue-button"]'.</msg>
<arg>xpath=//*[@data-qa="continue-button"]</arg>
<doc>Click the element identified by ``locator``.</doc>
<status status="PASS" start="2025-04-28T22:43:17.714586" elapsed="1.718072"/>
</kw>
<kw name="Element Should Be Visible" owner="SeleniumLibrary">
<msg time="2025-04-28T22:43:19.445934" level="INFO">Element 'xpath=//*[contains(text(), 'Logged in as')]' is displayed.</msg>
<arg>xpath=//*[contains(text(), 'Logged in as')]</arg>
<doc>Verifies that the element identified by ``locator`` is visible.</doc>
<status status="PASS" start="2025-04-28T22:43:19.432813" elapsed="0.013199"/>
</kw>
<status status="PASS" start="2025-04-28T22:43:17.691456" elapsed="1.754636"/>
</kw>
<tag>register</tag>
<status status="PASS" start="2025-04-28T22:43:12.877918" elapsed="6.568406"/>
</test>
<doc>This is a test suite for registering a user</doc>
<status status="PASS" start="2025-04-28T22:43:08.848869" elapsed="10.598074"/>
</suite>
<statistics>
<total>
<stat pass="1" fail="0" skip="0">All Tests</stat>
</total>
<tag>
<stat pass="1" fail="0" skip="0">register</stat>
</tag>
<suite>
<stat pass="1" fail="0" skip="0" id="s1" name="Register User">Register User</stat>
</suite>
</statistics>
<errors>
</errors>
</robot>
