<?xml version="1.0" encoding="UTF-8"?>
<robot generator="Robot 7.1.1 (Python 3.13.1 on win32)" generated="2025-05-12T22:54:30.490749" rpa="false" schemaversion="5">
<suite id="s1" name="Test Case Page" source="C:\Users\Maiara\Desktop\automation-exercise\tests\test_case_page.robot">
<kw name="Open the browser" owner="RegisterUserPage" type="SETUP">
<kw name="Open Browser" owner="SeleniumLibrary">
<msg time="2025-05-12T22:54:31.006576" level="INFO">Opening browser 'chrome' to base url 'https://automationexercise.com/'.</msg>
<arg>${URL}</arg>
<arg>${BROWSER}</arg>
<doc>Opens a new browser instance to the optional ``url``.</doc>
<status status="PASS" start="2025-05-12T22:54:31.006340" elapsed="3.889565"/>
</kw>
<kw name="Maximize Browser Window" owner="SeleniumLibrary">
<doc>Maximizes current browser window.</doc>
<status status="PASS" start="2025-05-12T22:54:34.896105" elapsed="0.029926"/>
</kw>
<status status="PASS" start="2025-05-12T22:54:31.005532" elapsed="3.920626"/>
</kw>
<test id="s1-t1" name="Test case page" line="11">
<kw name="Given that home page is visible" owner="TestCasePage">
<kw name="Element Should Be Visible" owner="SeleniumLibrary">
<msg time="2025-05-12T22:54:34.949470" level="INFO">Element 'xpath=//*[@id="header"]/div/div/div/div[2]/div/ul/li[1]/a' is displayed.</msg>
<arg>xpath=//*[@id="header"]/div/div/div/div[2]/div/ul/li[1]/a</arg>
<doc>Verifies that the element identified by ``locator`` is visible.</doc>
<status status="PASS" start="2025-05-12T22:54:34.927002" elapsed="0.022613"/>
</kw>
<status status="PASS" start="2025-05-12T22:54:34.926745" elapsed="0.023056"/>
</kw>
<kw name="When click on test case page" owner="TestCasePage">
<kw name="Click Element" owner="SeleniumLibrary">
<msg time="2025-05-12T22:54:34.951429" level="INFO">Clicking element 'xpath=//*[@id="header"]/div/div/div/div[2]/div/ul/li[5]/a'.</msg>
<arg>xpath=//*[@id="header"]/div/div/div/div[2]/div/ul/li[5]/a</arg>
<doc>Click the element identified by ``locator``.</doc>
<status status="PASS" start="2025-05-12T22:54:34.951113" elapsed="0.834788"/>
</kw>
<status status="PASS" start="2025-05-12T22:54:34.950528" elapsed="0.835514"/>
</kw>
<kw name="Then valid navigated to test cases page successfully" owner="TestCasePage">
<kw name="Element Should Be Visible" owner="SeleniumLibrary">
<msg time="2025-05-12T22:54:35.817525" level="INFO">Element 'xpath=//*[@id="form"]/div/div[1]/div/h2/b' is displayed.</msg>
<arg>xpath=//*[@id="form"]/div/div[1]/div/h2/b</arg>
<doc>Verifies that the element identified by ``locator`` is visible.</doc>
<status status="PASS" start="2025-05-12T22:54:35.786961" elapsed="0.030648"/>
</kw>
<status status="PASS" start="2025-05-12T22:54:35.786496" elapsed="0.031204"/>
</kw>
<tag>test_case_page</tag>
<status status="PASS" start="2025-05-12T22:54:34.926250" elapsed="0.891662"/>
</test>
<doc>Test case page</doc>
<status status="PASS" start="2025-05-12T22:54:30.492682" elapsed="5.325747"/>
</suite>
<statistics>
<total>
<stat pass="1" fail="0" skip="0">All Tests</stat>
</total>
<tag>
<stat pass="1" fail="0" skip="0">test_case_page</stat>
</tag>
<suite>
<stat pass="1" fail="0" skip="0" id="s1" name="Test Case Page">Test Case Page</stat>
</suite>
</statistics>
<errors>
</errors>
</robot>
